mode: atomic
github.com/drand/drand/beacon/ticker.go:17.76,27.2 3 11
github.com/drand/drand/beacon/ticker.go:29.43,36.2 3 0
github.com/drand/drand/beacon/ticker.go:38.56,45.2 3 11
github.com/drand/drand/beacon/ticker.go:46.25,48.2 1 11
github.com/drand/drand/beacon/ticker.go:50.40,52.2 1 4
github.com/drand/drand/beacon/ticker.go:56.26,60.12 2 11
github.com/drand/drand/beacon/ticker.go:80.2,84.6 5 11
github.com/drand/drand/beacon/ticker.go:60.12,63.18 3 11
github.com/drand/drand/beacon/ticker.go:67.3,71.7 5 11
github.com/drand/drand/beacon/ticker.go:63.18,65.4 1 11
github.com/drand/drand/beacon/ticker.go:71.7,72.11 1 43
github.com/drand/drand/beacon/ticker.go:73.26,74.19 1 32
github.com/drand/drand/beacon/ticker.go:75.18,76.11 1 11
github.com/drand/drand/beacon/ticker.go:84.6,85.16 1 65
github.com/drand/drand/beacon/ticker.go:102.3,102.10 1 65
github.com/drand/drand/beacon/ticker.go:85.16,91.36 3 43
github.com/drand/drand/beacon/ticker.go:91.36,92.31 1 41
github.com/drand/drand/beacon/ticker.go:95.5,95.12 1 41
github.com/drand/drand/beacon/ticker.go:92.31,93.14 1 0
github.com/drand/drand/beacon/ticker.go:96.28,96.28 0 41
github.com/drand/drand/beacon/ticker.go:97.13,97.13 0 0
github.com/drand/drand/beacon/ticker.go:103.25,106.20 3 43
github.com/drand/drand/beacon/ticker.go:107.29,108.40 1 11
github.com/drand/drand/beacon/ticker.go:109.17,110.32 1 11
github.com/drand/drand/beacon/ticker.go:113.4,113.10 1 11
github.com/drand/drand/beacon/ticker.go:110.32,112.5 1 11
github.com/drand/drand/beacon/beacon.go:25.41,30.2 1 0
github.com/drand/drand/beacon/beacon.go:32.44,34.2 1 61
github.com/drand/drand/beacon/beacon.go:36.47,38.2 1 95
github.com/drand/drand/beacon/beacon.go:42.38,44.2 1 0
github.com/drand/drand/beacon/beacon.go:46.36,48.2 1 6
github.com/drand/drand/beacon/beacon.go:50.49,53.2 2 0
github.com/drand/drand/beacon/beacon.go:55.34,57.2 1 54
github.com/drand/drand/beacon/beacon.go:63.56,68.2 4 36
github.com/drand/drand/beacon/beacon.go:72.80,78.2 1 0
github.com/drand/drand/beacon/beacon.go:83.55,88.2 4 259
github.com/drand/drand/beacon/beacon.go:91.75,92.16 1 2
github.com/drand/drand/beacon/beacon.go:96.2,96.60 1 2
github.com/drand/drand/beacon/beacon.go:92.16,94.3 1 0
github.com/drand/drand/beacon/beacon.go:99.74,101.20 2 47
github.com/drand/drand/beacon/beacon.go:104.2,104.22 1 47
github.com/drand/drand/beacon/beacon.go:101.20,103.3 1 0
github.com/drand/drand/beacon/beacon.go:110.80,111.19 1 205
github.com/drand/drand/beacon/beacon.go:114.2,120.32 4 184
github.com/drand/drand/beacon/beacon.go:111.19,113.3 1 21
github.com/drand/drand/beacon/chain.go:30.116,48.2 4 11
github.com/drand/drand/beacon/chain.go:50.81,55.2 1 172
github.com/drand/drand/beacon/chain.go:57.72,59.2 1 0
github.com/drand/drand/beacon/chain.go:61.29,64.2 2 11
github.com/drand/drand/beacon/chain.go:73.38,75.16 2 11
github.com/drand/drand/beacon/chain.go:78.2,81.6 2 11
github.com/drand/drand/beacon/chain.go:75.16,77.3 1 0
github.com/drand/drand/beacon/chain.go:81.6,82.10 1 226
github.com/drand/drand/beacon/chain.go:83.17,84.10 1 11
github.com/drand/drand/beacon/chain.go:85.38,88.33 2 43
github.com/drand/drand/beacon/chain.go:94.4,95.9 2 43
github.com/drand/drand/beacon/chain.go:96.35,100.18 3 172
github.com/drand/drand/beacon/chain.go:106.4,107.29 2 172
github.com/drand/drand/beacon/chain.go:114.4,114.20 1 172
github.com/drand/drand/beacon/chain.go:125.4,130.20 4 117
github.com/drand/drand/beacon/chain.go:134.4,134.25 1 110
github.com/drand/drand/beacon/chain.go:138.4,142.18 5 41
github.com/drand/drand/beacon/chain.go:146.4,146.82 1 41
github.com/drand/drand/beacon/chain.go:150.4,158.9 5 41
github.com/drand/drand/beacon/chain.go:88.33,89.40 1 50
github.com/drand/drand/beacon/chain.go:92.5,92.41 1 3
github.com/drand/drand/beacon/chain.go:89.40,90.14 1 47
github.com/drand/drand/beacon/chain.go:100.18,102.10 2 0
github.com/drand/drand/beacon/chain.go:107.29,108.32 1 176
github.com/drand/drand/beacon/chain.go:111.5,111.14 1 141
github.com/drand/drand/beacon/chain.go:108.32,109.14 1 35
github.com/drand/drand/beacon/chain.go:114.20,117.36 3 37
github.com/drand/drand/beacon/chain.go:117.36,119.6 1 0
github.com/drand/drand/beacon/chain.go:120.10,120.25 1 135
github.com/drand/drand/beacon/chain.go:120.25,122.10 2 55
github.com/drand/drand/beacon/chain.go:130.20,132.10 2 7
github.com/drand/drand/beacon/chain.go:134.25,135.10 1 69
github.com/drand/drand/beacon/chain.go:142.18,144.10 2 0
github.com/drand/drand/beacon/chain.go:146.82,148.10 2 0
github.com/drand/drand/beacon/chain.go:163.37,167.16 4 11
github.com/drand/drand/beacon/chain.go:170.2,170.31 1 11
github.com/drand/drand/beacon/chain.go:186.2,186.6 1 11
github.com/drand/drand/beacon/chain.go:167.16,169.3 1 0
github.com/drand/drand/beacon/chain.go:170.31,171.43 1 43
github.com/drand/drand/beacon/chain.go:174.3,177.15 4 43
github.com/drand/drand/beacon/chain.go:171.43,173.4 1 0
github.com/drand/drand/beacon/chain.go:177.15,179.11 1 43
github.com/drand/drand/beacon/chain.go:181.33,181.33 0 43
github.com/drand/drand/beacon/chain.go:182.12,182.12 0 0
github.com/drand/drand/beacon/chain.go:186.6,187.10 1 57
github.com/drand/drand/beacon/chain.go:188.37,189.43 1 46
github.com/drand/drand/beacon/chain.go:195.4,196.43 2 3
github.com/drand/drand/beacon/chain.go:199.32,200.50 1 0
github.com/drand/drand/beacon/chain.go:203.4,204.14 2 0
github.com/drand/drand/beacon/chain.go:210.22,211.19 1 0
github.com/drand/drand/beacon/chain.go:212.17,213.10 1 11
github.com/drand/drand/beacon/chain.go:189.43,191.10 2 43
github.com/drand/drand/beacon/chain.go:196.43,198.5 1 0
github.com/drand/drand/beacon/chain.go:200.50,201.13 1 0
github.com/drand/drand/beacon/chain.go:204.14,209.5 2 0
github.com/drand/drand/beacon/chain.go:218.55,221.2 1 51
github.com/drand/drand/beacon/chain.go:227.69,230.2 1 3
github.com/drand/drand/beacon/chain.go:234.51,236.16 2 4
github.com/drand/drand/beacon/chain.go:240.2,242.16 3 4
github.com/drand/drand/beacon/chain.go:246.2,246.26 1 4
github.com/drand/drand/beacon/chain.go:249.2,249.8 1 4
github.com/drand/drand/beacon/chain.go:236.16,239.3 2 0
github.com/drand/drand/beacon/chain.go:242.16,245.3 2 0
github.com/drand/drand/beacon/chain.go:246.26,248.3 1 5
github.com/drand/drand/beacon/chain.go:252.58,254.2 1 97
github.com/drand/drand/beacon/chain.go:275.62,281.2 1 48
github.com/drand/drand/beacon/chain.go:283.71,287.39 4 213
github.com/drand/drand/beacon/chain.go:291.2,293.28 3 199
github.com/drand/drand/beacon/chain.go:298.2,298.14 1 21
github.com/drand/drand/beacon/chain.go:287.39,289.3 1 14
github.com/drand/drand/beacon/chain.go:293.28,297.3 3 178
github.com/drand/drand/beacon/chain.go:301.32,303.2 1 227
github.com/drand/drand/beacon/chain.go:305.35,307.2 1 41
github.com/drand/drand/beacon/chain.go:309.42,311.2 1 41
github.com/drand/drand/beacon/convert.go:7.51,13.2 1 5
github.com/drand/drand/beacon/convert.go:15.51,21.2 1 5
github.com/drand/drand/beacon/handler.go:65.94,66.44 1 11
github.com/drand/drand/beacon/handler.go:70.2,71.17 2 11
github.com/drand/drand/beacon/handler.go:74.2,100.21 11 11
github.com/drand/drand/beacon/handler.go:66.44,68.3 1 0
github.com/drand/drand/beacon/handler.go:71.17,73.3 1 0
github.com/drand/drand/beacon/handler.go:107.111,118.30 6 128
github.com/drand/drand/beacon/handler.go:123.2,125.16 3 128
github.com/drand/drand/beacon/handler.go:132.2,134.83 2 128
github.com/drand/drand/beacon/handler.go:138.2,140.23 3 128
github.com/drand/drand/beacon/handler.go:145.2,146.30 2 128
github.com/drand/drand/beacon/handler.go:118.30,121.3 2 0
github.com/drand/drand/beacon/handler.go:125.16,128.3 2 0
github.com/drand/drand/beacon/handler.go:134.83,137.3 2 0
github.com/drand/drand/beacon/handler.go:140.23,144.3 2 0
github.com/drand/drand/beacon/handler.go:150.33,152.2 1 0
github.com/drand/drand/beacon/handler.go:161.33,162.58 1 10
github.com/drand/drand/beacon/handler.go:166.2,169.12 4 10
github.com/drand/drand/beacon/handler.go:162.58,165.3 2 0
github.com/drand/drand/beacon/handler.go:177.29,181.2 3 1
github.com/drand/drand/beacon/handler.go:190.58,194.25 4 0
github.com/drand/drand/beacon/handler.go:201.2,204.12 4 0
github.com/drand/drand/beacon/handler.go:194.25,197.3 2 0
github.com/drand/drand/beacon/handler.go:207.80,211.25 4 0
github.com/drand/drand/beacon/handler.go:215.2,216.51 2 0
github.com/drand/drand/beacon/handler.go:211.25,214.3 2 0
github.com/drand/drand/beacon/handler.go:220.40,224.6 4 11
github.com/drand/drand/beacon/handler.go:224.6,225.10 1 97
github.com/drand/drand/beacon/handler.go:226.29,228.18 2 43
github.com/drand/drand/beacon/handler.go:232.4,238.42 3 41
github.com/drand/drand/beacon/handler.go:251.46,252.31 1 43
github.com/drand/drand/beacon/handler.go:264.18,266.10 2 11
github.com/drand/drand/beacon/handler.go:228.18,230.10 2 2
github.com/drand/drand/beacon/handler.go:238.42,250.5 2 3
github.com/drand/drand/beacon/handler.go:252.31,263.5 1 3
github.com/drand/drand/beacon/handler.go:271.73,275.33 4 44
github.com/drand/drand/beacon/handler.go:284.2,285.16 2 44
github.com/drand/drand/beacon/handler.go:289.2,289.23 1 44
github.com/drand/drand/beacon/handler.go:293.2,295.16 3 44
github.com/drand/drand/beacon/handler.go:299.2,307.38 5 44
github.com/drand/drand/beacon/handler.go:275.33,283.3 2 0
github.com/drand/drand/beacon/handler.go:285.16,288.3 2 0
github.com/drand/drand/beacon/handler.go:289.23,292.3 2 0
github.com/drand/drand/beacon/handler.go:295.16,298.3 2 0
github.com/drand/drand/beacon/handler.go:307.38,308.40 1 188
github.com/drand/drand/beacon/handler.go:311.3,311.28 1 144
github.com/drand/drand/beacon/handler.go:308.40,309.12 1 44
github.com/drand/drand/beacon/handler.go:311.28,314.18 3 144
github.com/drand/drand/beacon/handler.go:314.18,316.53 2 16
github.com/drand/drand/beacon/handler.go:319.5,319.11 1 16
github.com/drand/drand/beacon/handler.go:316.53,318.6 1 0
github.com/drand/drand/beacon/handler.go:327.26,330.15 3 11
github.com/drand/drand/beacon/handler.go:333.2,337.28 5 11
github.com/drand/drand/beacon/handler.go:330.15,332.3 1 0
github.com/drand/drand/beacon/handler.go:342.48,344.21 2 0
github.com/drand/drand/beacon/handler.go:348.2,352.12 5 0
github.com/drand/drand/beacon/handler.go:344.21,347.3 1 0
github.com/drand/drand/beacon/handler.go:355.49,357.2 1 0
github.com/drand/drand/beacon/handler.go:361.37,363.20 2 452
github.com/drand/drand/beacon/handler.go:366.2,366.39 1 452
github.com/drand/drand/beacon/handler.go:363.20,365.3 1 0
github.com/drand/drand/beacon/handler.go:369.50,371.27 2 4
github.com/drand/drand/beacon/handler.go:374.2,374.40 1 4
github.com/drand/drand/beacon/handler.go:375.2,375.12 1 4
github.com/drand/drand/beacon/handler.go:371.27,373.3 1 18
github.com/drand/drand/beacon/handler.go:374.40,374.75 1 14
github.com/drand/drand/beacon/handler.go:392.34,394.2 1 11
github.com/drand/drand/beacon/handler.go:396.80,403.18 7 11
github.com/drand/drand/beacon/handler.go:409.2,409.31 1 11
github.com/drand/drand/beacon/handler.go:416.2,418.42 2 11
github.com/drand/drand/beacon/handler.go:403.18,406.3 2 11
github.com/drand/drand/beacon/handler.go:406.8,408.3 1 0
github.com/drand/drand/beacon/handler.go:409.31,412.3 2 0
github.com/drand/drand/beacon/handler.go:412.8,415.3 1 11
github.com/drand/drand/beacon/handler.go:418.42,418.92 1 0
github.com/drand/drand/beacon/handler.go:421.65,424.31 3 353
github.com/drand/drand/beacon/handler.go:429.2,430.61 2 0
github.com/drand/drand/beacon/handler.go:424.31,425.28 1 353
github.com/drand/drand/beacon/handler.go:425.28,427.4 1 353
github.com/drand/drand/beacon/handler.go:433.38,437.31 4 0
github.com/drand/drand/beacon/handler.go:445.2,445.12 1 0
github.com/drand/drand/beacon/handler.go:437.31,439.24 2 0
github.com/drand/drand/beacon/handler.go:442.3,443.91 2 0
github.com/drand/drand/beacon/handler.go:439.24,441.4 1 0
github.com/drand/drand/beacon/store.go:60.69,63.16 3 14
github.com/drand/drand/beacon/store.go:66.2,68.42 2 14
github.com/drand/drand/beacon/store.go:77.2,80.8 1 14
github.com/drand/drand/beacon/store.go:63.16,65.3 1 0
github.com/drand/drand/beacon/store.go:68.42,70.17 2 14
github.com/drand/drand/beacon/store.go:73.3,74.13 2 14
github.com/drand/drand/beacon/store.go:70.17,72.4 1 0
github.com/drand/drand/beacon/store.go:83.31,85.36 2 5
github.com/drand/drand/beacon/store.go:90.2,90.15 1 5
github.com/drand/drand/beacon/store.go:85.36,89.3 3 5
github.com/drand/drand/beacon/store.go:93.29,94.37 1 12
github.com/drand/drand/beacon/store.go:94.37,96.3 1 0
github.com/drand/drand/beacon/store.go:101.47,102.45 1 61
github.com/drand/drand/beacon/store.go:111.2,111.16 1 61
github.com/drand/drand/beacon/store.go:114.2,114.12 1 61
github.com/drand/drand/beacon/store.go:102.45,106.17 4 61
github.com/drand/drand/beacon/store.go:109.3,109.31 1 61
github.com/drand/drand/beacon/store.go:106.17,108.4 1 0
github.com/drand/drand/beacon/store.go:111.16,113.3 1 0
github.com/drand/drand/beacon/store.go:122.45,124.43 2 92
github.com/drand/drand/beacon/store.go:138.2,138.20 1 92
github.com/drand/drand/beacon/store.go:124.43,128.15 4 90
github.com/drand/drand/beacon/store.go:131.3,132.40 2 90
github.com/drand/drand/beacon/store.go:135.3,136.13 2 90
github.com/drand/drand/beacon/store.go:128.15,130.4 1 0
github.com/drand/drand/beacon/store.go:132.40,134.4 1 0
github.com/drand/drand/beacon/store.go:142.56,144.43 2 0
github.com/drand/drand/beacon/store.go:157.2,157.16 1 0
github.com/drand/drand/beacon/store.go:160.2,160.20 1 0
github.com/drand/drand/beacon/store.go:144.43,147.15 3 0
github.com/drand/drand/beacon/store.go:150.3,151.40 2 0
github.com/drand/drand/beacon/store.go:154.3,155.13 2 0
github.com/drand/drand/beacon/store.go:147.15,149.4 1 0
github.com/drand/drand/beacon/store.go:151.40,153.4 1 0
github.com/drand/drand/beacon/store.go:157.16,159.3 1 0
github.com/drand/drand/beacon/store.go:163.45,164.45 1 0
github.com/drand/drand/beacon/store.go:164.45,167.3 2 0
github.com/drand/drand/beacon/store.go:170.45,171.36 1 4
github.com/drand/drand/beacon/store.go:171.36,176.3 4 4
github.com/drand/drand/beacon/store.go:183.38,185.14 2 0
github.com/drand/drand/beacon/store.go:188.2,189.39 2 0
github.com/drand/drand/beacon/store.go:192.2,192.10 1 0
github.com/drand/drand/beacon/store.go:185.14,187.3 1 0
github.com/drand/drand/beacon/store.go:189.39,191.3 1 0
github.com/drand/drand/beacon/store.go:195.37,197.14 2 5
github.com/drand/drand/beacon/store.go:200.2,201.39 2 1
github.com/drand/drand/beacon/store.go:204.2,204.10 1 1
github.com/drand/drand/beacon/store.go:197.14,199.3 1 4
github.com/drand/drand/beacon/store.go:201.39,203.3 1 0
github.com/drand/drand/beacon/store.go:207.49,209.14 2 4
github.com/drand/drand/beacon/store.go:212.2,213.39 2 4
github.com/drand/drand/beacon/store.go:216.2,216.10 1 4
github.com/drand/drand/beacon/store.go:209.14,211.3 1 0
github.com/drand/drand/beacon/store.go:213.39,215.3 1 0
github.com/drand/drand/beacon/store.go:219.37,221.14 2 0
github.com/drand/drand/beacon/store.go:224.2,225.39 2 0
github.com/drand/drand/beacon/store.go:228.2,228.10 1 0
github.com/drand/drand/beacon/store.go:221.14,223.3 1 0
github.com/drand/drand/beacon/store.go:225.39,227.3 1 0
github.com/drand/drand/beacon/store.go:240.47,242.2 1 12
github.com/drand/drand/beacon/store.go:244.46,245.39 1 44
github.com/drand/drand/beacon/store.go:248.2,248.18 1 44
github.com/drand/drand/beacon/store.go:257.2,257.12 1 44
github.com/drand/drand/beacon/store.go:245.39,247.3 1 0
github.com/drand/drand/beacon/store.go:248.18,249.13 1 44
github.com/drand/drand/beacon/store.go:249.13,252.29 3 44
github.com/drand/drand/beacon/store.go:252.29,254.5 1 42
github.com/drand/drand/beacon/store.go:260.55,264.2 3 12
github.com/drand/drand/beacon/store.go:266.36,270.2 3 324
github.com/drand/drand/beacon/sync.go:16.93,22.28 6 13
github.com/drand/drand/beacon/sync.go:25.2,26.20 2 4
github.com/drand/drand/beacon/sync.go:34.2,35.32 2 4
github.com/drand/drand/beacon/sync.go:48.2,48.12 1 4
github.com/drand/drand/beacon/sync.go:22.28,24.3 1 9
github.com/drand/drand/beacon/sync.go:26.20,28.17 2 0
github.com/drand/drand/beacon/sync.go:31.3,32.37 2 0
github.com/drand/drand/beacon/sync.go:28.17,30.4 1 0
github.com/drand/drand/beacon/sync.go:35.32,36.69 1 4
github.com/drand/drand/beacon/sync.go:36.69,41.39 5 5
github.com/drand/drand/beacon/sync.go:45.4,45.27 1 5
github.com/drand/drand/beacon/sync.go:41.39,44.5 2 0
github.com/drand/drand/beacon/sync.go:53.148,59.16 5 4
github.com/drand/drand/beacon/sync.go:63.2,65.12 3 4
github.com/drand/drand/beacon/sync.go:126.2,126.19 1 4
github.com/drand/drand/beacon/sync.go:59.16,62.3 2 0
github.com/drand/drand/beacon/sync.go:65.12,67.26 2 4
github.com/drand/drand/beacon/sync.go:67.26,68.25 1 16
github.com/drand/drand/beacon/sync.go:71.4,77.18 5 13
github.com/drand/drand/beacon/sync.go:82.4,82.11 1 13
github.com/drand/drand/beacon/sync.go:121.4,121.35 1 13
github.com/drand/drand/beacon/sync.go:68.25,69.13 1 3
github.com/drand/drand/beacon/sync.go:77.18,80.13 3 0
github.com/drand/drand/beacon/sync.go:82.11,85.9 3 13
github.com/drand/drand/beacon/sync.go:85.9,86.13 1 18
github.com/drand/drand/beacon/sync.go:87.29,88.23 1 18
github.com/drand/drand/beacon/sync.go:96.7,98.47 3 5
github.com/drand/drand/beacon/sync.go:102.7,103.21 2 5
github.com/drand/drand/beacon/sync.go:107.7,108.21 2 5
github.com/drand/drand/beacon/sync.go:112.7,113.25 2 5
github.com/drand/drand/beacon/sync.go:114.41,115.13 1 0
github.com/drand/drand/beacon/sync.go:116.24,117.13 1 0
github.com/drand/drand/beacon/sync.go:88.23,94.8 2 13
github.com/drand/drand/beacon/sync.go:98.47,101.8 2 0
github.com/drand/drand/beacon/sync.go:103.21,106.8 2 0
github.com/drand/drand/beacon/sync.go:108.21,111.8 2 0
github.com/drand/drand/beacon/sync.go:121.35,123.5 1 1
